<?xml version="1.0" encoding="UTF-8"?>
<!-- Generated by org.testng.reporters.JUnitXMLReporter -->
<testsuite hostname="TORRVT-NW71546" ignored="0" name="Default test" tests="6" failures="0" timestamp="05 Oct 2017 14:21:22 GMT" time="15.056" errors="0">
  <testcase name="mainsPageLoad" time="1.153" classname="destinationPride.Main"/>
  <testcase name="inputField" time="2.586" classname="destinationPride.Main"/>
  <testcase name="aboutPageLink" time="0.578" classname="destinationPride.Main"/>
  <testcase name="faqtPageLink" time="0.994" classname="destinationPride.Main"/>
  <testcase name="mainLogoLink" time="1.004" classname="destinationPride.Main"/>
  <testcase name="projectPageLink" time="0.941" classname="destinationPride.Main"/>
</testsuite> <!-- Default test -->
